<?xml version="1.0" encoding="UTF-8"?>
<!-- Generated by org.testng.reporters.JUnitXMLReporter -->
<testsuite ignored="0" hostname="LAPTOP-JRAUITQ0" failures="0" tests="2" name="Default test" time="41.926" errors="0" timestamp="2026-02-24T19:19:50 IST">
  <testcase classname="org.example.tests.ForPatientsTest" name="verifyForPatientsDropdownAndInsuranceInternalTesting" time="7.795"/>
  <testcase classname="org.example.tests.ForPatientsTest" name="verifyForPatientsDropdownAndBlogsInternalTesting" time="31.008"/>
</testsuite> <!-- Default test -->
