<?xml version="1.0" encoding="UTF-8"?>
<!-- Generated by org.testng.reporters.JUnitReportReporter -->
<testsuite hostname="LAPTOP-JRAUITQ0" failures="0" tests="16" name="org.example.tests.alldoctorsTest" time="1227.230" errors="0" timestamp="2026-02-24T10:59:16 IST" skipped="0">
  <testcase classname="org.example.tests.alldoctorsTest" name="testDoctorsPageLoad" time="0.822"/>
  <testcase classname="org.example.tests.alldoctorsTest" name="testDrSamhithaMethods" time="82.898"/>
  <testcase classname="org.example.tests.alldoctorsTest" name="testDrAbhishekMethods" time="83.820"/>
  <testcase classname="org.example.tests.alldoctorsTest" name="testDrTagoreGrandhiMethods" time="82.178"/>
  <testcase classname="org.example.tests.alldoctorsTest" name="testDrPallaviPallapuMethods" time="82.496"/>
  <testcase classname="org.example.tests.alldoctorsTest" name="testDrSamhithaAlukurMethods" time="85.547"/>
  <testcase classname="org.example.tests.alldoctorsTest" name="testDrHarshitaKakarlaMethods" time="80.152"/>
  <testcase classname="org.example.tests.alldoctorsTest" name="testDrPPragniaMethods" time="67.206"/>
  <testcase classname="org.example.tests.alldoctorsTest" name="testDrPriyankSalechaMethods" time="76.816"/>
  <testcase classname="org.example.tests.alldoctorsTest" name="testDrNaveenchandraMethods" time="75.212"/>
  <testcase classname="org.example.tests.alldoctorsTest" name="testDrRamPrabhuMethods" time="81.656"/>
  <testcase classname="org.example.tests.alldoctorsTest" name="testDrMadhanMohanMethods" time="80.352"/>
  <testcase classname="org.example.tests.alldoctorsTest" name="testDrSaiKishanSirasalaMethods" time="82.433"/>
  <testcase classname="org.example.tests.alldoctorsTest" name="testDrBathiniHitheshMethods" time="80.498"/>
  <testcase classname="org.example.tests.alldoctorsTest" name="testDtKruthiGoudMethods" time="83.783"/>
  <testcase classname="org.example.tests.alldoctorsTest" name="testDrDevendarGMethods" time="101.361"/>
</testsuite> <!-- org.example.tests.alldoctorsTest -->
