<?xml version="1.0" encoding="UTF-8"?>
<!-- Generated by org.testng.reporters.JUnitReportReporter -->
<testsuite hostname="LAPTOP-JRAUITQ0" failures="1" tests="8" name="org.example.tests.aboutUsTest" time="308.686" errors="0" timestamp="2025-11-14T19:10:03 IST" skipped="0">
  <testcase classname="org.example.tests.aboutUsTest" name="verifyCoreValuesWhatsAppTests" time="6.997"/>
  <testcase classname="org.example.tests.aboutUsTest" name="verifyVisionAndMissionFlow" time="17.361"/>
  <testcase classname="org.example.tests.aboutUsTest" name="goToCoreValuesAndVerify" time="2.848"/>
  <testcase classname="org.example.tests.aboutUsTest" name="verifyInfrastructureWhatsAppTests" time="10.814"/>
  <testcase classname="org.example.tests.aboutUsTest" name="verifyAccreditationsWhatsAppTests" time="9.065"/>
  <testcase classname="org.example.tests.aboutUsTest" name="verifyAdvisoryTeamPage" time="32.974">
    <failure message="❌ Advisory Team page did not load properly. expected [true] but found [false]" type="java.lang.AssertionError">
      <![CDATA[java.lang.AssertionError: ❌ Advisory Team page did not load properly. expected [true] but found [false]
at org.testng.Assert.fail(Assert.java:111)
at org.testng.Assert.failNotEquals(Assert.java:1590)
at org.testng.Assert.assertTrue(Assert.java:57)
at org.example.tests.aboutUsTest.verifyAdvisoryTeamPage(aboutUsTest.java:102)
at java.base/jdk.internal.reflect.NativeMethodAccessorImpl.invoke0(Native Method)
at java.base/jdk.internal.reflect.NativeMethodAccessorImpl.invoke(NativeMethodAccessorImpl.java:77)
at java.base/jdk.internal.reflect.DelegatingMethodAccessorImpl.invoke(DelegatingMethodAccessorImpl.java:43)
at java.base/java.lang.reflect.Method.invoke(Method.java:568)
at org.testng.internal.invokers.MethodInvocationHelper.invokeMethod(MethodInvocationHelper.java:141)
at org.testng.internal.invokers.TestInvoker.invokeMethod(TestInvoker.java:687)
at org.testng.internal.invokers.TestInvoker.invokeTestMethod(TestInvoker.java:230)
at org.testng.internal.invokers.MethodRunner.runInSequence(MethodRunner.java:63)
at org.testng.internal.invokers.TestInvoker$MethodInvocationAgent.invoke(TestInvoker.java:995)
at org.testng.internal.invokers.TestInvoker.invokeTestMethods(TestInvoker.java:203)
at org.testng.internal.invokers.TestMethodWorker.invokeTestMethods(TestMethodWorker.java:154)
at org.testng.internal.invokers.TestMethodWorker.run(TestMethodWorker.java:134)
at java.base/java.util.ArrayList.forEach(ArrayList.java:1511)
at org.testng.TestRunner.privateRun(TestRunner.java:741)
at org.testng.TestRunner.run(TestRunner.java:616)
at org.testng.SuiteRunner.runTest(SuiteRunner.java:421)
at org.testng.SuiteRunner.runSequentially(SuiteRunner.java:413)
at org.testng.SuiteRunner.privateRun(SuiteRunner.java:373)
at org.testng.SuiteRunner.run(SuiteRunner.java:312)
at org.testng.SuiteRunnerWorker.runSuite(SuiteRunnerWorker.java:52)
at org.testng.SuiteRunnerWorker.run(SuiteRunnerWorker.java:95)
at org.testng.TestNG.runSuitesSequentially(TestNG.java:1274)
at org.testng.TestNG.runSuitesLocally(TestNG.java:1208)
at org.testng.TestNG.runSuites(TestNG.java:1112)
at org.testng.TestNG.run(TestNG.java:1079)
at org.testng.remote.AbstractRemoteTestNG.run(AbstractRemoteTestNG.java:115)
at org.testng.remote.RemoteTestNG.initAndRun(RemoteTestNG.java:293)
at org.testng.remote.RemoteTestNG.main(RemoteTestNG.java:91)
]]>
    </failure>
  </testcase> <!-- verifyAdvisoryTeamPage -->
  <testcase classname="org.example.tests.aboutUsTest" name="verifySuccessStoriesVideosSequentially" time="44.972"/>
  <testcase classname="org.example.tests.aboutUsTest" name="verifyCareersApplyNowButtons" time="183.655"/>
</testsuite> <!-- org.example.tests.aboutUsTest -->
