<?xml version="1.0" encoding="UTF-8"?>
<!-- Generated by org.testng.reporters.JUnitReportReporter -->
<testsuite hostname="LAPTOP-JRAUITQ0" failures="0" tests="10" name="org.example.tests.homePageTest" time="86.633" errors="0" timestamp="2025-10-21T14:24:29 IST" skipped="0">
  <testcase classname="org.example.tests.homePageTest" name="verifyHeaderButton" time="4.301"/>
  <testcase classname="org.example.tests.homePageTest" name="verifyStickyIcons" time="11.134"/>
  <testcase classname="org.example.tests.homePageTest" name="verifyImageCTAs" time="10.719"/>
  <testcase classname="org.example.tests.homePageTest" name="verifyDepartmentCards" time="39.172"/>
  <testcase classname="org.example.tests.homePageTest" name="verifyDoctorProfiles" time="21.142"/>
  <testcase classname="org.example.tests.homePageTest" name="verifyPatientTalksDots" time="0.142"/>
  <testcase classname="org.example.tests.homePageTest" name="verifyWhatsAppEnquiryNegative" time="0.006"/>
  <testcase classname="org.example.tests.homePageTest" name="verifyWhatsAppEnquiryPositive" time="0.005"/>
  <testcase classname="org.example.tests.homePageTest" name="verifyArticles" time="0.007"/>
  <testcase classname="org.example.tests.homePageTest" name="verifyFAQAccordions" time="0.005"/>
</testsuite> <!-- org.example.tests.homePageTest -->
