<?xml version="1.0" encoding="UTF-8"?>
<!-- Generated by org.testng.reporters.JUnitReportReporter -->
<testsuite hostname="LAPTOP-JRAUITQ0" failures="0" tests="11" name="org.example.tests.homePageTest" time="781.846" errors="0" timestamp="2026-02-24T10:16:07 IST" skipped="0">
  <testcase classname="org.example.tests.homePageTest" name="verifyWebsiteHomepageElements" time="1.263"/>
  <testcase classname="org.example.tests.homePageTest" name="verifyNavbarLinks" time="3.078"/>
  <testcase classname="org.example.tests.homePageTest" name="verifyHeaderButton" time="2.031"/>
  <testcase classname="org.example.tests.homePageTest" name="verifyStickyIcons" time="17.753"/>
  <testcase classname="org.example.tests.homePageTest" name="verifyImageCTAs" time="51.502"/>
  <testcase classname="org.example.tests.homePageTest" name="verifyDepartmentCards" time="43.665"/>
  <testcase classname="org.example.tests.homePageTest" name="verifyDoctorProfiles" time="46.967"/>
  <testcase classname="org.example.tests.homePageTest" name="verifyPatientTalksDots" time="14.075"/>
  <testcase classname="org.example.tests.homePageTest" name="verifyArticles" time="10.272"/>
  <testcase classname="org.example.tests.homePageTest" name="verifyFAQAccordions" time="25.846"/>
  <testcase classname="org.example.tests.homePageTest" name="verifyFooter" time="565.394"/>
</testsuite> <!-- org.example.tests.homePageTest -->
