<?xml version="1.0" encoding="UTF-8"?>
<!-- Generated by org.testng.reporters.JUnitReportReporter -->
<testsuite hostname="LAPTOP-JRAUITQ0" failures="0" tests="2" name="org.example.tests.ForPatientsTest" time="40.223" errors="0" timestamp="2026-02-24T19:19:50 IST" skipped="0">
  <testcase classname="org.example.tests.ForPatientsTest" name="verifyForPatientsDropdownAndInsuranceInternalTesting" time="8.176"/>
  <testcase classname="org.example.tests.ForPatientsTest" name="verifyForPatientsDropdownAndBlogsInternalTesting" time="32.047"/>
</testsuite> <!-- org.example.tests.ForPatientsTest -->
