<?xml version="1.0" encoding="UTF-8"?>
<!-- Generated by org.testng.reporters.JUnitReportReporter -->
<testsuite hostname="LAPTOP-JRAUITQ0" failures="0" tests="7" name="org.example.tests.aboutUsTest" time="46.360" errors="0" timestamp="2026-02-24T09:59:08 IST" skipped="0">
  <testcase classname="org.example.tests.aboutUsTest" name="verifyVisionAndMissionFlow" time="1.219"/>
  <testcase classname="org.example.tests.aboutUsTest" name="goToCoreValuesAndVerify" time="3.130"/>
  <testcase classname="org.example.tests.aboutUsTest" name="verifyInfrastructurePageLoads" time="2.475"/>
  <testcase classname="org.example.tests.aboutUsTest" name="verifyAccreditationsPageLoads" time="2.497"/>
  <testcase classname="org.example.tests.aboutUsTest" name="verifyAdvisoryTeamPage" time="2.674"/>
  <testcase classname="org.example.tests.aboutUsTest" name="verifySuccessStoriesVideosSequentially" time="18.893"/>
  <testcase classname="org.example.tests.aboutUsTest" name="verifyCareersApplyNowButtons" time="15.472"/>
</testsuite> <!-- org.example.tests.aboutUsTest -->
