<?xml version="1.0" encoding="UTF-8"?>
<!-- Generated by org.testng.reporters.JUnitReportReporter -->
<testsuite hostname="LAPTOP-JRAUITQ0" failures="0" tests="5" name="org.example.tests.drSamhithaTest" time="125.956" errors="0" timestamp="2025-10-23T19:16:57 IST" skipped="0">
  <testcase classname="org.example.tests.drSamhithaTest" name="testOpenProfileAndBookAppointment" time="21.489"/>
  <testcase classname="org.example.tests.drSamhithaTest" name="testTestimonials" time="12.281"/>
  <testcase classname="org.example.tests.drSamhithaTest" name="testclickAllDoctorCards" time="58.742"/>
  <testcase classname="org.example.tests.drSamhithaTest" name="testScrollToArticles" time="23.674"/>
  <testcase classname="org.example.tests.drSamhithaTest" name="testscrollToFAQAndTestAccordions" time="9.770"/>
</testsuite> <!-- org.example.tests.drSamhithaTest -->
