<?xml version="1.0" encoding="UTF-8"?>
<!-- Generated by org.testng.reporters.JUnitReportReporter -->
<testsuite hostname="LAPTOP-JRAUITQ0" failures="0" tests="5" name="org.example.tests.treatmentsTest" time="87.804" errors="0" timestamp="2026-02-24T10:02:33 IST" skipped="0">
  <testcase classname="org.example.tests.treatmentsTest" name="testClickFirstMenu" time="3.676"/>
  <testcase classname="org.example.tests.treatmentsTest" name="testWhatsAppBooking" time="4.214"/>
  <testcase classname="org.example.tests.treatmentsTest" name="testCenterOfExcellenceLinks" time="16.653"/>
  <testcase classname="org.example.tests.treatmentsTest" name="testTopDoctorsSection" time="63.219"/>
  <testcase classname="org.example.tests.treatmentsTest" name="testReviewSection" time="0.042"/>
</testsuite> <!-- org.example.tests.treatmentsTest -->
