<?xml version="1.0" encoding="UTF-8"?>
<!-- Generated by org.testng.reporters.JUnitReportReporter -->
<testsuite hostname="LAPTOP-JRAUITQ0" failures="0" tests="7" name="org.example.tests.proctology_pilesTest" time="91.328" errors="0" timestamp="2025-11-06T12:30:09 IST" skipped="0">
  <testcase classname="org.example.tests.proctology_pilesTest" name="navigateToPilesUnderProctology" time="2.078"/>
  <testcase classname="org.example.tests.proctology_pilesTest" name="bookAppointment" time="1.536"/>
  <testcase classname="org.example.tests.proctology_pilesTest" name="testClickAllSectionLinks" time="35.341"/>
  <testcase classname="org.example.tests.proctology_pilesTest" name="whatsappNegativeTest" time="1.725"/>
  <testcase classname="org.example.tests.proctology_pilesTest" name="whatsappPositiveTest" time="9.744"/>
  <testcase classname="org.example.tests.proctology_pilesTest" name="testTestimonialsCarousel" time="12.429"/>
  <testcase classname="org.example.tests.proctology_pilesTest" name="testLatestHealthArticles" time="28.475"/>
</testsuite> <!-- org.example.tests.proctology_pilesTest -->
