<?xml version="1.0" encoding="UTF-8"?>
<!-- Generated by org.testng.reporters.JUnitReportReporter -->
<testsuite hostname="LAPTOP-JRAUITQ0" failures="0" tests="7" name="org.example.tests.proctology_pilesTest" time="54.736" errors="0" timestamp="2025-10-23T12:12:01 IST" skipped="0">
  <testcase classname="org.example.tests.proctology_pilesTest" name="navigateToPilesUnderProctology" time="1.449"/>
  <testcase classname="org.example.tests.proctology_pilesTest" name="bookAppointment" time="2.245"/>
  <testcase classname="org.example.tests.proctology_pilesTest" name="testClickAllSectionLinks" time="34.345"/>
  <testcase classname="org.example.tests.proctology_pilesTest" name="whatsappNegativeTest" time="1.645"/>
  <testcase classname="org.example.tests.proctology_pilesTest" name="whatsappPositiveTest" time="8.822"/>
  <testcase classname="org.example.tests.proctology_pilesTest" name="testTestimonialsCarousel" time="6.227"/>
  <testcase classname="org.example.tests.proctology_pilesTest" name="testLatestHealthArticles" time="0.003"/>
</testsuite> <!-- org.example.tests.proctology_pilesTest -->
